  Processing .\MoonPDF.idl
  MoonPDF.idl
  Processing C:\Program Files (x86)\Windows Kits\8.1\Include\um\oaidl.idl
  oaidl.idl
  Processing C:\Program Files (x86)\Windows Kits\8.1\Include\um\objidl.idl
  objidl.idl
  Processing C:\Program Files (x86)\Windows Kits\8.1\Include\um\unknwn.idl
  unknwn.idl
  Processing C:\Program Files (x86)\Windows Kits\8.1\Include\shared\wtypes.idl
  wtypes.idl
  Processing C:\Program Files (x86)\Windows Kits\8.1\Include\shared\wtypesbase.idl
  wtypesbase.idl
  Processing C:\Program Files (x86)\Windows Kits\8.1\Include\shared\basetsd.h
  basetsd.h
  Processing C:\Program Files (x86)\Windows Kits\8.1\Include\shared\guiddef.h
  guiddef.h
  Processing C:\Program Files (x86)\Windows Kits\8.1\Include\um\oaidl.acf
  oaidl.acf
    正在创建库 D:\vswork\cppproject\MoonPDF\Release\MoonPDF.lib 和对象 D:\vswork\cppproject\MoonPDF\Release\MoonPDF.exp
msvcrt.lib(initializers.obj) : warning LNK4098: 默认库“libcmt.lib”与其他库的使用冲突；请使用 /NODEFAULTLIB:library
  正在生成代码
  0 of 7065 functions ( 0.0%) were compiled, the rest were copied from previous compilation.
    0 functions were new in current compilation
    6 functions had inline decision re-evaluated but remain unchanged
  已完成代码的生成
  MoonPDF.vcxproj -> D:\vswork\cppproject\MoonPDF\Release\MoonPDF.ocx
  MoonPDF.vcxproj -> D:\vswork\cppproject\MoonPDF\Release\MoonPDF.pdb (Full PDB)
