d:\vswork\cppproject\moonpdf\moonpdf\release\vc140.pdb
d:\vswork\cppproject\moonpdf\moonpdf\release\moonpdfdialogtools.obj
d:\vswork\cppproject\moonpdf\moonpdf\release\moonpdf.pch
d:\vswork\cppproject\moonpdf\moonpdf\release\stdafx.obj
d:\vswork\cppproject\moonpdf\moonpdf\release\pdfapp.obj
d:\vswork\cppproject\moonpdf\moonpdf\release\moonpdfproppage.obj
d:\vswork\cppproject\moonpdf\moonpdf\release\moonpdfctrl.obj
d:\vswork\cppproject\moonpdf\moonpdf\release\moonpdf.obj
d:\vswork\cppproject\moonpdf\moonpdf\release\moonpdfdialog.obj
d:\vswork\cppproject\moonpdf\moonpdf\release\stringhelper.obj
d:\vswork\cppproject\moonpdf\release\moonpdf.ocx
d:\vswork\cppproject\moonpdf\release\moonpdf.ipdb
d:\vswork\cppproject\moonpdf\release\moonpdf.iobj
d:\vswork\cppproject\moonpdf\release\moonpdf.pdb
d:\vswork\cppproject\moonpdf\moonpdf\release\moonpdf.tlb
d:\vswork\cppproject\moonpdf\moonpdf\moonpdf_i.c
d:\vswork\cppproject\moonpdf\moonpdf\moonpdfidl.h
d:\vswork\cppproject\moonpdf\release\moonpdf.lib
d:\vswork\cppproject\moonpdf\release\moonpdf.exp
d:\vswork\cppproject\moonpdf\moonpdf\release\moonpdf.res
d:\vswork\cppproject\moonpdf\moonpdf\release\moonpdf.tlog\cl.command.1.tlog
d:\vswork\cppproject\moonpdf\moonpdf\release\moonpdf.tlog\cl.read.1.tlog
d:\vswork\cppproject\moonpdf\moonpdf\release\moonpdf.tlog\cl.write.1.tlog
d:\vswork\cppproject\moonpdf\moonpdf\release\moonpdf.tlog\link.command.1.tlog
d:\vswork\cppproject\moonpdf\moonpdf\release\moonpdf.tlog\link.read.1.tlog
d:\vswork\cppproject\moonpdf\moonpdf\release\moonpdf.tlog\link.write.1.tlog
d:\vswork\cppproject\moonpdf\moonpdf\release\moonpdf.tlog\midl.command.1.tlog
d:\vswork\cppproject\moonpdf\moonpdf\release\moonpdf.tlog\midl.read.1.tlog
d:\vswork\cppproject\moonpdf\moonpdf\release\moonpdf.tlog\midl.write.1.tlog
d:\vswork\cppproject\moonpdf\moonpdf\release\moonpdf.tlog\moonpdf.write.1u.tlog
d:\vswork\cppproject\moonpdf\moonpdf\release\moonpdf.tlog\rc.command.1.tlog
d:\vswork\cppproject\moonpdf\moonpdf\release\moonpdf.tlog\rc.read.1.tlog
d:\vswork\cppproject\moonpdf\moonpdf\release\moonpdf.tlog\rc.write.1.tlog
