d:\vswork\cppproject\moonpdf\moonpdf\debug\moonpdf.pch
d:\vswork\cppproject\moonpdf\moonpdf\debug\vc140.pdb
d:\vswork\cppproject\moonpdf\moonpdf\debug\vc140.idb
d:\vswork\cppproject\moonpdf\moonpdf\debug\stdafx.obj
d:\vswork\cppproject\moonpdf\moonpdf\debug\stringhelper.obj
d:\vswork\cppproject\moonpdf\moonpdf\debug\moonpdfdialog.obj
d:\vswork\cppproject\moonpdf\moonpdf\debug\moonpdfdialogtools.obj
d:\vswork\cppproject\moonpdf\moonpdf\debug\moonpdf.obj
d:\vswork\cppproject\moonpdf\moonpdf\debug\moonpdfctrl.obj
d:\vswork\cppproject\moonpdf\moonpdf\debug\moonpdfproppage.obj
d:\vswork\cppproject\moonpdf\moonpdf\debug\pdfapp.obj
d:\vswork\cppproject\moonpdf\debug\moonpdf.ilk
d:\vswork\cppproject\moonpdf\debug\moonpdf.ocx
d:\vswork\cppproject\moonpdf\debug\moonpdf.pdb
d:\vswork\cppproject\moonpdf\moonpdf\debug\moonpdf.tlb
d:\vswork\cppproject\moonpdf\moonpdf\moonpdf_i.c
d:\vswork\cppproject\moonpdf\moonpdf\moonpdfidl.h
d:\vswork\cppproject\moonpdf\debug\moonpdf.lib
d:\vswork\cppproject\moonpdf\debug\moonpdf.exp
d:\vswork\cppproject\moonpdf\moonpdf\debug\moonpdf.res
d:\vswork\cppproject\moonpdf\moonpdf\debug\moonpdf.tlog\cl.command.1.tlog
d:\vswork\cppproject\moonpdf\moonpdf\debug\moonpdf.tlog\cl.read.1.tlog
d:\vswork\cppproject\moonpdf\moonpdf\debug\moonpdf.tlog\cl.write.1.tlog
d:\vswork\cppproject\moonpdf\moonpdf\debug\moonpdf.tlog\link.command.1.tlog
d:\vswork\cppproject\moonpdf\moonpdf\debug\moonpdf.tlog\link.read.1.tlog
d:\vswork\cppproject\moonpdf\moonpdf\debug\moonpdf.tlog\link.write.1.tlog
d:\vswork\cppproject\moonpdf\moonpdf\debug\moonpdf.tlog\midl.command.1.tlog
d:\vswork\cppproject\moonpdf\moonpdf\debug\moonpdf.tlog\midl.read.1.tlog
d:\vswork\cppproject\moonpdf\moonpdf\debug\moonpdf.tlog\midl.write.1.tlog
d:\vswork\cppproject\moonpdf\moonpdf\debug\moonpdf.tlog\moonpdf.write.1u.tlog
d:\vswork\cppproject\moonpdf\moonpdf\debug\moonpdf.tlog\rc.command.1.tlog
d:\vswork\cppproject\moonpdf\moonpdf\debug\moonpdf.tlog\rc.read.1.tlog
d:\vswork\cppproject\moonpdf\moonpdf\debug\moonpdf.tlog\rc.write.1.tlog
